2022-11-21 19:53:39,909 - tuyacloud.TuyaCloudClient - DEBUG - Request URL: https://openapi.tuyaeu.com/v1.0/token?grant_type=1
2022-11-21 19:53:40,284 - tuyacloud.TuyaCloudClient - DEBUG - GET: response code=200 text={"result":{"access_token":"6307ebfb934f059c2da2672e909252ec","expire_time":2498,"refresh_token":"0d16e84ba3a25c557d21f2fdcc206042","uid":"ay1563288557476XuyqE"},"success":true,"t":1669049618702,"tid":"0bda5e6869bd11ed81fd8ec426404b74"} token=None
2022-11-21 19:53:40,285 - main.views - DEBUG - apply for 14400180.21078435
2022-11-21 19:53:40,285 - tuyacloud.TuyaCloudClient - DEBUG - Request URL: https://openapi.tuyaeu.com/v1.0/homes/14400180/rooms/21078435/devices
2022-11-21 19:53:40,571 - main.views - DEBUG - apply for 14400180.21080044
2022-11-21 19:53:40,571 - tuyacloud.TuyaCloudClient - DEBUG - Request URL: https://openapi.tuyaeu.com/v1.0/homes/14400180/rooms/21080044/devices
2022-11-21 19:53:40,882 - main.views - DEBUG - apply for 14400180.35583207
2022-11-21 19:53:40,883 - tuyacloud.TuyaCloudClient - DEBUG - Request URL: https://openapi.tuyaeu.com/v1.0/homes/14400180/rooms/35583207/devices
2022-11-21 19:53:41,348 - main.views - DEBUG - apply for 14400180.21080043
2022-11-21 19:53:41,348 - tuyacloud.TuyaCloudClient - DEBUG - Request URL: https://openapi.tuyaeu.com/v1.0/homes/14400180/rooms/21080043/devices
2022-11-21 19:53:41,848 - main.views - DEBUG - apply for 14400180.21080045
2022-11-21 19:53:41,848 - tuyacloud.TuyaCloudClient - DEBUG - Request URL: https://openapi.tuyaeu.com/v1.0/homes/14400180/rooms/21080045/devices
2022-11-21 19:53:42,218 - main.views - DEBUG - apply for 14400180.21077755
2022-11-21 19:53:42,218 - tuyacloud.TuyaCloudClient - DEBUG - Request URL: https://openapi.tuyaeu.com/v1.0/homes/14400180/rooms/21077755/devices
2022-11-21 19:53:42,545 - main.views - DEBUG - apply for 14400180.21078425
2022-11-21 19:53:42,547 - tuyacloud.TuyaCloudClient - DEBUG - Request URL: https://openapi.tuyaeu.com/v1.0/homes/14400180/rooms/21078425/devices
2022-11-21 19:53:42,835 - main.views - DEBUG - apply for 14400180.21078434
2022-11-21 19:53:42,836 - tuyacloud.TuyaCloudClient - DEBUG - Request URL: https://openapi.tuyaeu.com/v1.0/homes/14400180/rooms/21078434/devices
2022-11-21 19:53:43,963 - main.views - DEBUG - apply for 14400180.38683967
2022-11-21 19:53:43,963 - tuyacloud.TuyaCloudClient - DEBUG - Request URL: https://openapi.tuyaeu.com/v1.0/homes/14400180/rooms/38683967/devices
2022-11-21 19:53:44,634 - main.views - DEBUG - apply for 14708182.21363260
2022-11-21 19:53:44,634 - tuyacloud.TuyaCloudClient - DEBUG - Request URL: https://openapi.tuyaeu.com/v1.0/homes/14708182/rooms/21363260/devices
2022-11-21 19:53:44,876 - tuyacloud.TuyaCloudClient - DEBUG - GET: response code=200 text={"result":[{"active_time":1599406514,"biz_type":18,"category":"dj","create_time":1597337262,"icon":"smart/device_icon/eu1573240497078AokHW/08003658d8bfc05229d0163381264687064.png","id":"08003658d8bfc05229d0","ip":"5.18.248.56","lat":"59.9491","local_key":"7d593182a7f9f607","lon":"30.2643","model":"","name":"Кухня Свет стол","online":true,"owner_id":"14708182","product_id":"wnqaw70uBCsDqgZT","product_name":"WIFI Dimmer Module","status":[{"code":"switch_led","value":false},{"code":"bright_value","value":255}],"sub":false,"time_zone":"+03:00","uid":"eu1573240497078AokHW","update_time":1656362162,"uuid":"08003658d8bfc05229d0"},{"active_time":1599406514,"biz_type":18,"category":"dj","create_time":1597265564,"icon":"smart/device_icon/eu1573240497078AokHW/08003658d8bfc0522934163381267512145.png","id":"08003658d8bfc0522934","ip":"5.18.248.56","lat":"59.9491","local_key":"26ae473dd16821e5","lon":"30.2643","model":"","name":"Кухня Люстра","online":true,"owner_id":"14708182","product_id":"wnqaw70uBCsDqgZT","product_name":"WIFI Dimmer Module","status":[{"code":"switch_led","value":false},{"code":"bright_value","value":255}],"sub":false,"time_zone":"+03:00","uid":"eu1573240497078AokHW","update_time":1656362160,"uuid":"08003658d8bfc0522934"},{"active_time":1605965620,"biz_type":18,"category":"qt","create_time":1595691662,"icon":"smart/device_icon/eu1573240497078AokHW/86872105cc50e3e5df7316434497677860.png","id":"86872105cc50e3e5df73","ip":"79.175.3.138","lat":"59.5756","local_key":"69141b6d19e1dc93","lon":"30.1203","name":"Датчик угарного газа (CO)","online":true,"owner_id":"14708182","product_id":"gIE05A9Q5SIEfOOA","product_name":"CO alertor","status":[],"sub":false,"time_zone":"+03:00","uid":"eu1573240497078AokHW","update_time":1643449766,"uuid":"86872105cc50e3e5df73"}],"success":true,"t":1669049623295,"tid":"0e8ebdf069bd11ed8c8f06bdf2add754"} token=6307ebfb934f059c2da2672e909252ec
2022-11-21 19:53:44,882 - main.views - DEBUG - apply for 14708182.21363262
2022-11-21 19:53:44,882 - tuyacloud.TuyaCloudClient - DEBUG - Request URL: https://openapi.tuyaeu.com/v1.0/homes/14708182/rooms/21363262/devices
2022-11-21 19:53:45,131 - main.views - DEBUG - apply for 14708182.21363258
2022-11-21 19:53:45,131 - tuyacloud.TuyaCloudClient - DEBUG - Request URL: https://openapi.tuyaeu.com/v1.0/homes/14708182/rooms/21363258/devices
2022-11-21 19:53:45,378 - tuyacloud.TuyaCloudClient - DEBUG - GET: response code=200 text={"result":[{"active_time":1606418745,"biz_type":18,"category":"tgq","create_time":1606418745,"icon":"smart/device_icon/eu1573240497078AokHW/32203410c82b9657e99d164344964995920.png","id":"32203410c82b9657e99d","ip":"5.18.248.56","lat":"59.9491","local_key":"18f83042ea73724a","lon":"30.2643","model":"105B ","name":"Зал Короб","online":true,"owner_id":"14708182","product_id":"kqm0mqzb5zazewsb","product_name":"WiFi 2Gang Dimmer Module","status":[{"code":"switch_led_1","value":false},{"code":"bright_value_1","value":198},{"code":"brightness_min_1","value":198},{"code":"led_type_1","value":"LED"},{"code":"switch_led_2","value":false},{"code":"bright_value_2","value":541},{"code":"brightness_min_2","value":203},{"code":"led_type_2","value":"LED"},{"code":"countdown_2","value":0},{"code":"work_mode","value":"white"}],"sub":false,"time_zone":"+03:00","uid":"eu1573240497078AokHW","update_time":1656362170,"uuid":"32203410c82b9657e99d"},{"active_time":1599415535,"biz_type":18,"category":"dj","create_time":1597953545,"icon":"smart/device_icon/eu1573240497078AokHW/08003658d8bfc0521b9f163381262652458.png","id":"08003658d8bfc0521b9f","ip":"5.18.248.56","lat":"59.9491","local_key":"3f38482809c37d5e","lon":"30.2643","model":"","name":"Прихожая Свет","online":true,"owner_id":"14708182","product_id":"wnqaw70uBCsDqgZT","product_name":"WIFI Dimmer Module","status":[{"code":"switch_led","value":false},{"code":"bright_value","value":255}],"sub":false,"time_zone":"+03:00","uid":"eu1573240497078AokHW","update_time":1656362162,"uuid":"08003658d8bfc0521b9f"},{"active_time":1645295933,"biz_type":18,"category":"dj","create_time":1597951600,"icon":"smart/device_icon/eu1573240497078AokHW/08003658d8bfc05221e3163381301347162.png","id":"08003658d8bfc05221e3","ip":"5.18.248.56","lat":"59.9491","local_key":"6a2d1a7fc39e3d78","lon":"30.2643","model":"","name":"Зал Люстра","online":true,"owner_id":"14708182","product_id":"wnqaw70uBCsDqgZT","product_name":"WIFI Dimmer Module","status":[{"code":"switch_led","value":false},{"code":"bright_value","value":255}],"sub":false,"time_zone":"+03:00","uid":"eu1573240497078AokHW","update_time":1656362161,"uuid":"08003658d8bfc05221e3"},{"active_time":1599417759,"biz_type":18,"category":"mc","create_time":1559244697,"icon":"smart/device_icon/eu1573240497078AokHW/87532803bcddc29581b116338130886004.png","id":"87532803bcddc29581b1","ip":"109.167.162.211","lat":"59.8318","local_key":"4f875ed38ccb3b0f","lon":"30.2849","model":"","name":"Входная дверь","online":true,"owner_id":"14708182","product_id":"oSQljE9YDqwCwTUA","product_name":"Door Sensor","status":[{"code":"doorcontact_state","value":false},{"code":"battery_state","value":"low"}],"sub":false,"time_zone":"+03:00","uid":"eu1573240497078AokHW","update_time":1639655389,"uuid":"87532803bcddc29581b1"},{"active_time":1600890740,"biz_type":18,"category":"wk","create_time":1600890740,"icon":"smart/device_icon/eu1573240497078AokHW/bf57a1ff8fb15103b3xshz163381248751582.png","id":"bf57a1ff8fb15103b3xshz","ip":"","lat":"59.8318","lon":"30.2849","name":"Гостиная Радиатор","online":false,"owner_id":"14708182","product_id":"ckud7u2l","product_name":"Zigbee Smart","status":[{"code":"temp_set","value":280},{"code":"temp_current","value":250},{"code":"mode","value":"auto"},{"code":"child_lock","value":false}],"sub":true,"time_zone":"+08:00","uid":"eu1573240497078AokHW","update_time":1639501935,"uuid":"bf57a1ff8fb15103b3xshz"}],"success":true,"t":1669049623798,"tid":"0edb55ea69bd11ed81fd8ec426404b74"} token=6307ebfb934f059c2da2672e909252ec
2022-11-21 19:53:45,386 - main.views - DEBUG - apply for 14708182.21363259
2022-11-21 19:53:45,386 - tuyacloud.TuyaCloudClient - DEBUG - Request URL: https://openapi.tuyaeu.com/v1.0/homes/14708182/rooms/21363259/devices
2022-11-21 19:53:45,694 - main.views - DEBUG - apply for 14708182.21363261
2022-11-21 19:53:45,694 - tuyacloud.TuyaCloudClient - DEBUG - Request URL: https://openapi.tuyaeu.com/v1.0/homes/14708182/rooms/21363261/devices
2022-11-21 19:53:45,950 - main.views - DEBUG - apply for 14708182.21363263
2022-11-21 19:53:45,950 - tuyacloud.TuyaCloudClient - DEBUG - Request URL: https://openapi.tuyaeu.com/v1.0/homes/14708182/rooms/21363263/devices
2022-11-21 19:53:46,203 - main.views - DEBUG - apply for 14708182.21612193
2022-11-21 19:53:46,204 - tuyacloud.TuyaCloudClient - DEBUG - Request URL: https://openapi.tuyaeu.com/v1.0/homes/14708182/rooms/21612193/devices
2022-11-21 19:53:46,480 - main.views - DEBUG - apply for 55571301.47466860
2022-11-21 19:53:46,481 - tuyacloud.TuyaCloudClient - DEBUG - Request URL: https://openapi.tuyaeu.com/v1.0/homes/55571301/rooms/47466860/devices
2022-11-21 19:53:46,791 - tuyacloud.TuyaCloudClient - DEBUG - GET: response code=200 text={"result":[],"success":true,"t":1669049625209,"tid":"0faa9ed569bd11ed807032ed7f2eb8a3"} token=6307ebfb934f059c2da2672e909252ec
2022-11-21 19:57:20,664 - tuyacloud.TuyaCloudClient - DEBUG - Request URL: https://openapi.tuyaeu.com/v1.0/token?grant_type=1
2022-11-21 19:57:21,050 - tuyacloud.TuyaCloudClient - DEBUG - GET: response code=200 text={"result":{"access_token":"6307ebfb934f059c2da2672e909252ec","expire_time":2277,"refresh_token":"0d16e84ba3a25c557d21f2fdcc206042","uid":"ay1563288557476XuyqE"},"success":true,"t":1669049839466,"tid":"8f70199969bd11ed807032ed7f2eb8a3"} token=None
2022-11-21 19:57:21,052 - main.views - DEBUG - apply for 14400180.21078435
2022-11-21 19:57:21,052 - tuyacloud.TuyaCloudClient - DEBUG - Request URL: https://openapi.tuyaeu.com/v1.0/homes/14400180/rooms/21078435/devices
2022-11-21 19:57:21,299 - main.views - DEBUG - apply for 14400180.21080044
2022-11-21 19:57:21,299 - tuyacloud.TuyaCloudClient - DEBUG - Request URL: https://openapi.tuyaeu.com/v1.0/homes/14400180/rooms/21080044/devices
2022-11-21 19:57:21,587 - main.views - DEBUG - apply for 14400180.35583207
2022-11-21 19:57:21,587 - tuyacloud.TuyaCloudClient - DEBUG - Request URL: https://openapi.tuyaeu.com/v1.0/homes/14400180/rooms/35583207/devices
2022-11-21 19:57:22,014 - main.views - DEBUG - apply for 14400180.21080043
2022-11-21 19:57:22,014 - tuyacloud.TuyaCloudClient - DEBUG - Request URL: https://openapi.tuyaeu.com/v1.0/homes/14400180/rooms/21080043/devices
2022-11-21 19:57:22,422 - main.views - DEBUG - apply for 14400180.21080045
2022-11-21 19:57:22,422 - tuyacloud.TuyaCloudClient - DEBUG - Request URL: https://openapi.tuyaeu.com/v1.0/homes/14400180/rooms/21080045/devices
2022-11-21 19:57:23,234 - main.views - DEBUG - apply for 14400180.21077755
2022-11-21 19:57:23,236 - tuyacloud.TuyaCloudClient - DEBUG - Request URL: https://openapi.tuyaeu.com/v1.0/homes/14400180/rooms/21077755/devices
2022-11-21 19:57:24,061 - main.views - DEBUG - apply for 14400180.21078425
2022-11-21 19:57:24,063 - tuyacloud.TuyaCloudClient - DEBUG - Request URL: https://openapi.tuyaeu.com/v1.0/homes/14400180/rooms/21078425/devices
2022-11-21 19:57:24,355 - main.views - DEBUG - apply for 14400180.21078434
2022-11-21 19:57:24,356 - tuyacloud.TuyaCloudClient - DEBUG - Request URL: https://openapi.tuyaeu.com/v1.0/homes/14400180/rooms/21078434/devices
2022-11-21 19:57:24,637 - main.views - DEBUG - apply for 14400180.38683967
2022-11-21 19:57:24,638 - tuyacloud.TuyaCloudClient - DEBUG - Request URL: https://openapi.tuyaeu.com/v1.0/homes/14400180/rooms/38683967/devices
2022-11-21 19:57:25,077 - main.views - DEBUG - apply for 14708182.21363260
2022-11-21 19:57:25,078 - tuyacloud.TuyaCloudClient - DEBUG - Request URL: https://openapi.tuyaeu.com/v1.0/homes/14708182/rooms/21363260/devices
2022-11-21 19:57:25,299 - tuyacloud.TuyaCloudClient - DEBUG - GET: response code=200 text={"result":[{"active_time":1599406514,"biz_type":18,"category":"dj","create_time":1597337262,"icon":"smart/device_icon/eu1573240497078AokHW/08003658d8bfc05229d0163381264687064.png","id":"08003658d8bfc05229d0","ip":"5.18.248.56","lat":"59.9491","local_key":"7d593182a7f9f607","lon":"30.2643","model":"","name":"Кухня Свет стол","online":true,"owner_id":"14708182","product_id":"wnqaw70uBCsDqgZT","product_name":"WIFI Dimmer Module","status":[{"code":"switch_led","value":false},{"code":"bright_value","value":255}],"sub":false,"time_zone":"+03:00","uid":"eu1573240497078AokHW","update_time":1656362162,"uuid":"08003658d8bfc05229d0"},{"active_time":1599406514,"biz_type":18,"category":"dj","create_time":1597265564,"icon":"smart/device_icon/eu1573240497078AokHW/08003658d8bfc0522934163381267512145.png","id":"08003658d8bfc0522934","ip":"5.18.248.56","lat":"59.9491","local_key":"26ae473dd16821e5","lon":"30.2643","model":"","name":"Кухня Люстра","online":true,"owner_id":"14708182","product_id":"wnqaw70uBCsDqgZT","product_name":"WIFI Dimmer Module","status":[{"code":"switch_led","value":false},{"code":"bright_value","value":255}],"sub":false,"time_zone":"+03:00","uid":"eu1573240497078AokHW","update_time":1656362160,"uuid":"08003658d8bfc0522934"},{"active_time":1605965620,"biz_type":18,"category":"qt","create_time":1595691662,"icon":"smart/device_icon/eu1573240497078AokHW/86872105cc50e3e5df7316434497677860.png","id":"86872105cc50e3e5df73","ip":"79.175.3.138","lat":"59.5756","local_key":"69141b6d19e1dc93","lon":"30.1203","name":"Датчик угарного газа (CO)","online":true,"owner_id":"14708182","product_id":"gIE05A9Q5SIEfOOA","product_name":"CO alertor","status":[],"sub":false,"time_zone":"+03:00","uid":"eu1573240497078AokHW","update_time":1643449766,"uuid":"86872105cc50e3e5df73"}],"success":true,"t":1669049843717,"tid":"91ef737969bd11ed8c8f06bdf2add754"} token=6307ebfb934f059c2da2672e909252ec
2022-11-21 19:57:25,308 - main.views - DEBUG - apply for 14708182.21363262
2022-11-21 19:57:25,308 - tuyacloud.TuyaCloudClient - DEBUG - Request URL: https://openapi.tuyaeu.com/v1.0/homes/14708182/rooms/21363262/devices
2022-11-21 19:57:25,551 - main.views - DEBUG - apply for 14708182.21363258
2022-11-21 19:57:25,551 - tuyacloud.TuyaCloudClient - DEBUG - Request URL: https://openapi.tuyaeu.com/v1.0/homes/14708182/rooms/21363258/devices
2022-11-21 19:57:25,887 - tuyacloud.TuyaCloudClient - DEBUG - GET: response code=200 text={"result":[{"active_time":1606418745,"biz_type":18,"category":"tgq","create_time":1606418745,"icon":"smart/device_icon/eu1573240497078AokHW/32203410c82b9657e99d164344964995920.png","id":"32203410c82b9657e99d","ip":"5.18.248.56","lat":"59.9491","local_key":"18f83042ea73724a","lon":"30.2643","model":"105B ","name":"Зал Короб","online":true,"owner_id":"14708182","product_id":"kqm0mqzb5zazewsb","product_name":"WiFi 2Gang Dimmer Module","status":[{"code":"switch_led_1","value":false},{"code":"bright_value_1","value":198},{"code":"brightness_min_1","value":198},{"code":"led_type_1","value":"LED"},{"code":"switch_led_2","value":false},{"code":"bright_value_2","value":541},{"code":"brightness_min_2","value":203},{"code":"led_type_2","value":"LED"},{"code":"countdown_2","value":0},{"code":"work_mode","value":"white"}],"sub":false,"time_zone":"+03:00","uid":"eu1573240497078AokHW","update_time":1656362170,"uuid":"32203410c82b9657e99d"},{"active_time":1599415535,"biz_type":18,"category":"dj","create_time":1597953545,"icon":"smart/device_icon/eu1573240497078AokHW/08003658d8bfc0521b9f163381262652458.png","id":"08003658d8bfc0521b9f","ip":"5.18.248.56","lat":"59.9491","local_key":"3f38482809c37d5e","lon":"30.2643","model":"","name":"Прихожая Свет","online":true,"owner_id":"14708182","product_id":"wnqaw70uBCsDqgZT","product_name":"WIFI Dimmer Module","status":[{"code":"switch_led","value":false},{"code":"bright_value","value":255}],"sub":false,"time_zone":"+03:00","uid":"eu1573240497078AokHW","update_time":1656362162,"uuid":"08003658d8bfc0521b9f"},{"active_time":1645295933,"biz_type":18,"category":"dj","create_time":1597951600,"icon":"smart/device_icon/eu1573240497078AokHW/08003658d8bfc05221e3163381301347162.png","id":"08003658d8bfc05221e3","ip":"5.18.248.56","lat":"59.9491","local_key":"6a2d1a7fc39e3d78","lon":"30.2643","model":"","name":"Зал Люстра","online":true,"owner_id":"14708182","product_id":"wnqaw70uBCsDqgZT","product_name":"WIFI Dimmer Module","status":[{"code":"switch_led","value":false},{"code":"bright_value","value":255}],"sub":false,"time_zone":"+03:00","uid":"eu1573240497078AokHW","update_time":1656362161,"uuid":"08003658d8bfc05221e3"},{"active_time":1599417759,"biz_type":18,"category":"mc","create_time":1559244697,"icon":"smart/device_icon/eu1573240497078AokHW/87532803bcddc29581b116338130886004.png","id":"87532803bcddc29581b1","ip":"109.167.162.211","lat":"59.8318","local_key":"4f875ed38ccb3b0f","lon":"30.2849","model":"","name":"Входная дверь","online":true,"owner_id":"14708182","product_id":"oSQljE9YDqwCwTUA","product_name":"Door Sensor","status":[{"code":"doorcontact_state","value":false},{"code":"battery_state","value":"low"}],"sub":false,"time_zone":"+03:00","uid":"eu1573240497078AokHW","update_time":1639655389,"uuid":"87532803bcddc29581b1"},{"active_time":1600890740,"biz_type":18,"category":"wk","create_time":1600890740,"icon":"smart/device_icon/eu1573240497078AokHW/bf57a1ff8fb15103b3xshz163381248751582.png","id":"bf57a1ff8fb15103b3xshz","ip":"","lat":"59.8318","lon":"30.2849","name":"Гостиная Радиатор","online":false,"owner_id":"14708182","product_id":"ckud7u2l","product_name":"Zigbee Smart","status":[{"code":"temp_set","value":280},{"code":"temp_current","value":250},{"code":"mode","value":"auto"},{"code":"child_lock","value":false}],"sub":true,"time_zone":"+08:00","uid":"eu1573240497078AokHW","update_time":1639501935,"uuid":"bf57a1ff8fb15103b3xshz"}],"success":true,"t":1669049844243,"tid":"923aea9969bd11ed81fd8ec426404b74"} token=6307ebfb934f059c2da2672e909252ec
2022-11-21 19:57:25,895 - main.views - DEBUG - apply for 14708182.21363259
2022-11-21 19:57:25,896 - tuyacloud.TuyaCloudClient - DEBUG - Request URL: https://openapi.tuyaeu.com/v1.0/homes/14708182/rooms/21363259/devices
2022-11-21 19:57:26,180 - main.views - DEBUG - apply for 14708182.21363261
2022-11-21 19:57:26,180 - tuyacloud.TuyaCloudClient - DEBUG - Request URL: https://openapi.tuyaeu.com/v1.0/homes/14708182/rooms/21363261/devices
2022-11-21 19:57:26,412 - main.views - DEBUG - apply for 14708182.21363263
2022-11-21 19:57:26,412 - tuyacloud.TuyaCloudClient - DEBUG - Request URL: https://openapi.tuyaeu.com/v1.0/homes/14708182/rooms/21363263/devices
2022-11-21 19:57:26,661 - main.views - DEBUG - apply for 14708182.21612193
2022-11-21 19:57:26,661 - tuyacloud.TuyaCloudClient - DEBUG - Request URL: https://openapi.tuyaeu.com/v1.0/homes/14708182/rooms/21612193/devices
2022-11-21 19:57:26,961 - main.views - DEBUG - apply for 55571301.47466860
2022-11-21 19:57:26,961 - tuyacloud.TuyaCloudClient - DEBUG - Request URL: https://openapi.tuyaeu.com/v1.0/homes/55571301/rooms/47466860/devices
2022-11-21 19:57:27,160 - tuyacloud.TuyaCloudClient - DEBUG - GET: response code=200 text={"result":[],"success":true,"t":1669049845579,"tid":"9312c71369bd11ed81fd8ec426404b74"} token=6307ebfb934f059c2da2672e909252ec
2022-11-21 19:59:04,440 - tuyacloud.TuyaCloudClient - DEBUG - Request URL: https://openapi.tuyaeu.com/v1.0/token?grant_type=1
2022-11-21 19:59:04,758 - tuyacloud.TuyaCloudClient - DEBUG - GET: response code=200 text={"result":{"access_token":"6307ebfb934f059c2da2672e909252ec","expire_time":2173,"refresh_token":"0d16e84ba3a25c557d21f2fdcc206042","uid":"ay1563288557476XuyqE"},"success":true,"t":1669049943178,"tid":"cd41e37769bd11ed807032ed7f2eb8a3"} token=None
2022-11-21 19:59:04,760 - main.views - DEBUG - apply for 14400180.21078435
2022-11-21 19:59:04,760 - tuyacloud.TuyaCloudClient - DEBUG - Request URL: https://openapi.tuyaeu.com/v1.0/homes/14400180/rooms/21078435/devices
2022-11-21 19:59:05,230 - main.views - DEBUG - apply for 14400180.21080044
2022-11-21 19:59:05,231 - tuyacloud.TuyaCloudClient - DEBUG - Request URL: https://openapi.tuyaeu.com/v1.0/homes/14400180/rooms/21080044/devices
2022-11-21 19:59:05,740 - main.views - DEBUG - apply for 14400180.35583207
2022-11-21 19:59:05,740 - tuyacloud.TuyaCloudClient - DEBUG - Request URL: https://openapi.tuyaeu.com/v1.0/homes/14400180/rooms/35583207/devices
2022-11-21 19:59:06,251 - main.views - DEBUG - apply for 14400180.21080043
2022-11-21 19:59:06,252 - tuyacloud.TuyaCloudClient - DEBUG - Request URL: https://openapi.tuyaeu.com/v1.0/homes/14400180/rooms/21080043/devices
2022-11-21 19:59:06,579 - main.views - DEBUG - apply for 14400180.21080045
2022-11-21 19:59:06,579 - tuyacloud.TuyaCloudClient - DEBUG - Request URL: https://openapi.tuyaeu.com/v1.0/homes/14400180/rooms/21080045/devices
2022-11-21 19:59:06,909 - main.views - DEBUG - apply for 14400180.21077755
2022-11-21 19:59:06,910 - tuyacloud.TuyaCloudClient - DEBUG - Request URL: https://openapi.tuyaeu.com/v1.0/homes/14400180/rooms/21077755/devices
2022-11-21 19:59:07,275 - main.views - DEBUG - apply for 14400180.21078425
2022-11-21 19:59:07,275 - tuyacloud.TuyaCloudClient - DEBUG - Request URL: https://openapi.tuyaeu.com/v1.0/homes/14400180/rooms/21078425/devices
2022-11-21 19:59:07,812 - main.views - DEBUG - apply for 14400180.21078434
2022-11-21 19:59:07,812 - tuyacloud.TuyaCloudClient - DEBUG - Request URL: https://openapi.tuyaeu.com/v1.0/homes/14400180/rooms/21078434/devices
2022-11-21 19:59:08,680 - main.views - DEBUG - apply for 14400180.38683967
2022-11-21 19:59:08,680 - tuyacloud.TuyaCloudClient - DEBUG - Request URL: https://openapi.tuyaeu.com/v1.0/homes/14400180/rooms/38683967/devices
2022-11-21 19:59:08,951 - main.views - DEBUG - apply for 14708182.21363260
2022-11-21 19:59:08,952 - tuyacloud.TuyaCloudClient - DEBUG - Request URL: https://openapi.tuyaeu.com/v1.0/homes/14708182/rooms/21363260/devices
2022-11-21 19:59:09,218 - tuyacloud.TuyaCloudClient - DEBUG - GET: response code=200 text={"result":[{"active_time":1599406514,"biz_type":18,"category":"dj","create_time":1597337262,"icon":"smart/device_icon/eu1573240497078AokHW/08003658d8bfc05229d0163381264687064.png","id":"08003658d8bfc05229d0","ip":"5.18.248.56","lat":"59.9491","local_key":"7d593182a7f9f607","lon":"30.2643","model":"","name":"Кухня Свет стол","online":true,"owner_id":"14708182","product_id":"wnqaw70uBCsDqgZT","product_name":"WIFI Dimmer Module","status":[{"code":"switch_led","value":false},{"code":"bright_value","value":255}],"sub":false,"time_zone":"+03:00","uid":"eu1573240497078AokHW","update_time":1656362162,"uuid":"08003658d8bfc05229d0"},{"active_time":1599406514,"biz_type":18,"category":"dj","create_time":1597265564,"icon":"smart/device_icon/eu1573240497078AokHW/08003658d8bfc0522934163381267512145.png","id":"08003658d8bfc0522934","ip":"5.18.248.56","lat":"59.9491","local_key":"26ae473dd16821e5","lon":"30.2643","model":"","name":"Кухня Люстра","online":true,"owner_id":"14708182","product_id":"wnqaw70uBCsDqgZT","product_name":"WIFI Dimmer Module","status":[{"code":"switch_led","value":false},{"code":"bright_value","value":255}],"sub":false,"time_zone":"+03:00","uid":"eu1573240497078AokHW","update_time":1656362160,"uuid":"08003658d8bfc0522934"},{"active_time":1605965620,"biz_type":18,"category":"qt","create_time":1595691662,"icon":"smart/device_icon/eu1573240497078AokHW/86872105cc50e3e5df7316434497677860.png","id":"86872105cc50e3e5df73","ip":"79.175.3.138","lat":"59.5756","local_key":"69141b6d19e1dc93","lon":"30.1203","name":"Датчик угарного газа (CO)","online":true,"owner_id":"14708182","product_id":"gIE05A9Q5SIEfOOA","product_name":"CO alertor","status":[],"sub":false,"time_zone":"+03:00","uid":"eu1573240497078AokHW","update_time":1643449766,"uuid":"86872105cc50e3e5df73"}],"success":true,"t":1669049947633,"tid":"cfde3d4f69bd11ed8c8f06bdf2add754"} token=6307ebfb934f059c2da2672e909252ec
2022-11-21 19:59:09,223 - main.views - DEBUG - apply for 14708182.21363262
2022-11-21 19:59:09,224 - tuyacloud.TuyaCloudClient - DEBUG - Request URL: https://openapi.tuyaeu.com/v1.0/homes/14708182/rooms/21363262/devices
2022-11-21 19:59:09,461 - main.views - DEBUG - apply for 14708182.21363258
2022-11-21 19:59:09,461 - tuyacloud.TuyaCloudClient - DEBUG - Request URL: https://openapi.tuyaeu.com/v1.0/homes/14708182/rooms/21363258/devices
2022-11-21 19:59:09,702 - tuyacloud.TuyaCloudClient - DEBUG - GET: response code=200 text={"result":[{"active_time":1606418745,"biz_type":18,"category":"tgq","create_time":1606418745,"icon":"smart/device_icon/eu1573240497078AokHW/32203410c82b9657e99d164344964995920.png","id":"32203410c82b9657e99d","ip":"5.18.248.56","lat":"59.9491","local_key":"18f83042ea73724a","lon":"30.2643","model":"105B ","name":"Зал Короб","online":true,"owner_id":"14708182","product_id":"kqm0mqzb5zazewsb","product_name":"WiFi 2Gang Dimmer Module","status":[{"code":"switch_led_1","value":false},{"code":"bright_value_1","value":198},{"code":"brightness_min_1","value":198},{"code":"led_type_1","value":"LED"},{"code":"switch_led_2","value":false},{"code":"bright_value_2","value":541},{"code":"brightness_min_2","value":203},{"code":"led_type_2","value":"LED"},{"code":"countdown_2","value":0},{"code":"work_mode","value":"white"}],"sub":false,"time_zone":"+03:00","uid":"eu1573240497078AokHW","update_time":1656362170,"uuid":"32203410c82b9657e99d"},{"active_time":1599415535,"biz_type":18,"category":"dj","create_time":1597953545,"icon":"smart/device_icon/eu1573240497078AokHW/08003658d8bfc0521b9f163381262652458.png","id":"08003658d8bfc0521b9f","ip":"5.18.248.56","lat":"59.9491","local_key":"3f38482809c37d5e","lon":"30.2643","model":"","name":"Прихожая Свет","online":true,"owner_id":"14708182","product_id":"wnqaw70uBCsDqgZT","product_name":"WIFI Dimmer Module","status":[{"code":"switch_led","value":false},{"code":"bright_value","value":255}],"sub":false,"time_zone":"+03:00","uid":"eu1573240497078AokHW","update_time":1656362162,"uuid":"08003658d8bfc0521b9f"},{"active_time":1645295933,"biz_type":18,"category":"dj","create_time":1597951600,"icon":"smart/device_icon/eu1573240497078AokHW/08003658d8bfc05221e3163381301347162.png","id":"08003658d8bfc05221e3","ip":"5.18.248.56","lat":"59.9491","local_key":"6a2d1a7fc39e3d78","lon":"30.2643","model":"","name":"Зал Люстра","online":true,"owner_id":"14708182","product_id":"wnqaw70uBCsDqgZT","product_name":"WIFI Dimmer Module","status":[{"code":"switch_led","value":false},{"code":"bright_value","value":255}],"sub":false,"time_zone":"+03:00","uid":"eu1573240497078AokHW","update_time":1656362161,"uuid":"08003658d8bfc05221e3"},{"active_time":1599417759,"biz_type":18,"category":"mc","create_time":1559244697,"icon":"smart/device_icon/eu1573240497078AokHW/87532803bcddc29581b116338130886004.png","id":"87532803bcddc29581b1","ip":"109.167.162.211","lat":"59.8318","local_key":"4f875ed38ccb3b0f","lon":"30.2849","model":"","name":"Входная дверь","online":true,"owner_id":"14708182","product_id":"oSQljE9YDqwCwTUA","product_name":"Door Sensor","status":[{"code":"doorcontact_state","value":false},{"code":"battery_state","value":"low"}],"sub":false,"time_zone":"+03:00","uid":"eu1573240497078AokHW","update_time":1639655389,"uuid":"87532803bcddc29581b1"},{"active_time":1600890740,"biz_type":18,"category":"wk","create_time":1600890740,"icon":"smart/device_icon/eu1573240497078AokHW/bf57a1ff8fb15103b3xshz163381248751582.png","id":"bf57a1ff8fb15103b3xshz","ip":"","lat":"59.8318","lon":"30.2849","name":"Гостиная Радиатор","online":false,"owner_id":"14708182","product_id":"ckud7u2l","product_name":"Zigbee Smart","status":[{"code":"temp_set","value":280},{"code":"temp_current","value":250},{"code":"mode","value":"auto"},{"code":"child_lock","value":false}],"sub":true,"time_zone":"+08:00","uid":"eu1573240497078AokHW","update_time":1639501935,"uuid":"bf57a1ff8fb15103b3xshz"}],"success":true,"t":1669049948120,"tid":"d02ac0ce69bd11ed807032ed7f2eb8a3"} token=6307ebfb934f059c2da2672e909252ec
2022-11-21 19:59:09,708 - main.views - DEBUG - apply for 14708182.21363259
2022-11-21 19:59:09,709 - tuyacloud.TuyaCloudClient - DEBUG - Request URL: https://openapi.tuyaeu.com/v1.0/homes/14708182/rooms/21363259/devices
2022-11-21 19:59:10,009 - main.views - DEBUG - apply for 14708182.21363261
2022-11-21 19:59:10,009 - tuyacloud.TuyaCloudClient - DEBUG - Request URL: https://openapi.tuyaeu.com/v1.0/homes/14708182/rooms/21363261/devices
2022-11-21 19:59:10,295 - main.views - DEBUG - apply for 14708182.21363263
2022-11-21 19:59:10,295 - tuyacloud.TuyaCloudClient - DEBUG - Request URL: https://openapi.tuyaeu.com/v1.0/homes/14708182/rooms/21363263/devices
2022-11-21 19:59:10,558 - main.views - DEBUG - apply for 14708182.21612193
2022-11-21 19:59:10,558 - tuyacloud.TuyaCloudClient - DEBUG - Request URL: https://openapi.tuyaeu.com/v1.0/homes/14708182/rooms/21612193/devices
2022-11-21 19:59:10,842 - main.views - DEBUG - apply for 55571301.47466860
2022-11-21 19:59:10,842 - tuyacloud.TuyaCloudClient - DEBUG - Request URL: https://openapi.tuyaeu.com/v1.0/homes/55571301/rooms/47466860/devices
2022-11-21 19:59:11,037 - tuyacloud.TuyaCloudClient - DEBUG - GET: response code=200 text={"result":[],"success":true,"t":1669049949460,"tid":"d0fdcdca69bd11ed81fd8ec426404b74"} token=6307ebfb934f059c2da2672e909252ec
2022-11-21 21:17:43,856 - tuyacloud.TuyaCloudClient - DEBUG - Request URL: https://openapi.tuyaeu.com/v1.0/token?grant_type=1
2022-11-21 21:17:44,768 - tuyacloud.TuyaCloudClient - DEBUG - GET: response code=200 text={"result":{"access_token":"ec8cd0194b9bcaf06dc6496d5c018116","expire_time":7200,"refresh_token":"04c5410ef62d5ee7d9ba0ffd9bc790d2","uid":"ay1563288557476XuyqE"},"success":true,"t":1669054663817,"tid":"caf6bfa169c811ed8c8f06bdf2add754"} token=None
2022-11-21 21:17:44,769 - main.views - DEBUG - apply for 14400180.21078435
2022-11-21 21:17:44,769 - tuyacloud.TuyaCloudClient - DEBUG - Request URL: https://openapi.tuyaeu.com/v1.0/homes/14400180/rooms/21078435/devices
2022-11-21 21:17:45,105 - main.views - DEBUG - apply for 14400180.21080044
2022-11-21 21:17:45,106 - tuyacloud.TuyaCloudClient - DEBUG - Request URL: https://openapi.tuyaeu.com/v1.0/homes/14400180/rooms/21080044/devices
2022-11-21 21:17:45,487 - main.views - DEBUG - apply for 14400180.35583207
2022-11-21 21:17:45,487 - tuyacloud.TuyaCloudClient - DEBUG - Request URL: https://openapi.tuyaeu.com/v1.0/homes/14400180/rooms/35583207/devices
2022-11-21 21:17:46,022 - main.views - DEBUG - apply for 14400180.21080043
2022-11-21 21:17:46,022 - tuyacloud.TuyaCloudClient - DEBUG - Request URL: https://openapi.tuyaeu.com/v1.0/homes/14400180/rooms/21080043/devices
2022-11-21 21:17:46,407 - main.views - DEBUG - apply for 14400180.21080045
2022-11-21 21:17:46,407 - tuyacloud.TuyaCloudClient - DEBUG - Request URL: https://openapi.tuyaeu.com/v1.0/homes/14400180/rooms/21080045/devices
2022-11-21 21:17:46,815 - main.views - DEBUG - apply for 14400180.21077755
2022-11-21 21:17:46,816 - tuyacloud.TuyaCloudClient - DEBUG - Request URL: https://openapi.tuyaeu.com/v1.0/homes/14400180/rooms/21077755/devices
2022-11-21 21:17:47,233 - main.views - DEBUG - apply for 14400180.21078425
2022-11-21 21:17:47,234 - tuyacloud.TuyaCloudClient - DEBUG - Request URL: https://openapi.tuyaeu.com/v1.0/homes/14400180/rooms/21078425/devices
2022-11-21 21:17:47,532 - main.views - DEBUG - apply for 14400180.21078434
2022-11-21 21:17:47,532 - tuyacloud.TuyaCloudClient - DEBUG - Request URL: https://openapi.tuyaeu.com/v1.0/homes/14400180/rooms/21078434/devices
2022-11-21 21:17:47,825 - main.views - DEBUG - apply for 14400180.38683967
2022-11-21 21:17:47,825 - tuyacloud.TuyaCloudClient - DEBUG - Request URL: https://openapi.tuyaeu.com/v1.0/homes/14400180/rooms/38683967/devices
2022-11-21 21:17:48,149 - main.views - DEBUG - apply for 14708182.21363260
2022-11-21 21:17:48,149 - tuyacloud.TuyaCloudClient - DEBUG - Request URL: https://openapi.tuyaeu.com/v1.0/homes/14708182/rooms/21363260/devices
2022-11-21 21:17:48,544 - tuyacloud.TuyaCloudClient - DEBUG - GET: response code=200 text={"result":[{"active_time":1599406514,"biz_type":18,"category":"dj","create_time":1597337262,"icon":"smart/device_icon/eu1573240497078AokHW/08003658d8bfc05229d0163381264687064.png","id":"08003658d8bfc05229d0","ip":"5.18.248.56","lat":"59.9491","local_key":"7d593182a7f9f607","lon":"30.2643","model":"","name":"Кухня Свет стол","online":true,"owner_id":"14708182","product_id":"wnqaw70uBCsDqgZT","product_name":"WIFI Dimmer Module","status":[{"code":"switch_led","value":false},{"code":"bright_value","value":255}],"sub":false,"time_zone":"+03:00","uid":"eu1573240497078AokHW","update_time":1656362162,"uuid":"08003658d8bfc05229d0"},{"active_time":1599406514,"biz_type":18,"category":"dj","create_time":1597265564,"icon":"smart/device_icon/eu1573240497078AokHW/08003658d8bfc0522934163381267512145.png","id":"08003658d8bfc0522934","ip":"5.18.248.56","lat":"59.9491","local_key":"26ae473dd16821e5","lon":"30.2643","model":"","name":"Кухня Люстра","online":true,"owner_id":"14708182","product_id":"wnqaw70uBCsDqgZT","product_name":"WIFI Dimmer Module","status":[{"code":"switch_led","value":false},{"code":"bright_value","value":255}],"sub":false,"time_zone":"+03:00","uid":"eu1573240497078AokHW","update_time":1656362160,"uuid":"08003658d8bfc0522934"},{"active_time":1605965620,"biz_type":18,"category":"qt","create_time":1595691662,"icon":"smart/device_icon/eu1573240497078AokHW/86872105cc50e3e5df7316434497677860.png","id":"86872105cc50e3e5df73","ip":"79.175.3.138","lat":"59.5756","local_key":"69141b6d19e1dc93","lon":"30.1203","name":"Датчик угарного газа (CO)","online":true,"owner_id":"14708182","product_id":"gIE05A9Q5SIEfOOA","product_name":"CO alertor","status":[],"sub":false,"time_zone":"+03:00","uid":"eu1573240497078AokHW","update_time":1643449766,"uuid":"86872105cc50e3e5df73"}],"success":true,"t":1669054667594,"tid":"cd1bc18a69c811ed8c8f06bdf2add754"} token=ec8cd0194b9bcaf06dc6496d5c018116
2022-11-21 21:17:48,548 - main.views - DEBUG - apply for 14708182.21363262
2022-11-21 21:17:48,549 - tuyacloud.TuyaCloudClient - DEBUG - Request URL: https://openapi.tuyaeu.com/v1.0/homes/14708182/rooms/21363262/devices
2022-11-21 21:17:48,776 - main.views - DEBUG - apply for 14708182.21363258
2022-11-21 21:17:48,777 - tuyacloud.TuyaCloudClient - DEBUG - Request URL: https://openapi.tuyaeu.com/v1.0/homes/14708182/rooms/21363258/devices
2022-11-21 21:17:49,071 - tuyacloud.TuyaCloudClient - DEBUG - GET: response code=200 text={"result":[{"active_time":1606418745,"biz_type":18,"category":"tgq","create_time":1606418745,"icon":"smart/device_icon/eu1573240497078AokHW/32203410c82b9657e99d164344964995920.png","id":"32203410c82b9657e99d","ip":"5.18.248.56","lat":"59.9491","local_key":"18f83042ea73724a","lon":"30.2643","model":"105B ","name":"Зал Короб","online":true,"owner_id":"14708182","product_id":"kqm0mqzb5zazewsb","product_name":"WiFi 2Gang Dimmer Module","status":[{"code":"switch_led_1","value":false},{"code":"bright_value_1","value":198},{"code":"brightness_min_1","value":198},{"code":"led_type_1","value":"LED"},{"code":"switch_led_2","value":false},{"code":"bright_value_2","value":541},{"code":"brightness_min_2","value":203},{"code":"led_type_2","value":"LED"},{"code":"countdown_2","value":0},{"code":"work_mode","value":"white"}],"sub":false,"time_zone":"+03:00","uid":"eu1573240497078AokHW","update_time":1656362170,"uuid":"32203410c82b9657e99d"},{"active_time":1599415535,"biz_type":18,"category":"dj","create_time":1597953545,"icon":"smart/device_icon/eu1573240497078AokHW/08003658d8bfc0521b9f163381262652458.png","id":"08003658d8bfc0521b9f","ip":"5.18.248.56","lat":"59.9491","local_key":"3f38482809c37d5e","lon":"30.2643","model":"","name":"Прихожая Свет","online":true,"owner_id":"14708182","product_id":"wnqaw70uBCsDqgZT","product_name":"WIFI Dimmer Module","status":[{"code":"switch_led","value":false},{"code":"bright_value","value":255}],"sub":false,"time_zone":"+03:00","uid":"eu1573240497078AokHW","update_time":1656362162,"uuid":"08003658d8bfc0521b9f"},{"active_time":1645295933,"biz_type":18,"category":"dj","create_time":1597951600,"icon":"smart/device_icon/eu1573240497078AokHW/08003658d8bfc05221e3163381301347162.png","id":"08003658d8bfc05221e3","ip":"5.18.248.56","lat":"59.9491","local_key":"6a2d1a7fc39e3d78","lon":"30.2643","model":"","name":"Зал Люстра","online":true,"owner_id":"14708182","product_id":"wnqaw70uBCsDqgZT","product_name":"WIFI Dimmer Module","status":[{"code":"switch_led","value":false},{"code":"bright_value","value":255}],"sub":false,"time_zone":"+03:00","uid":"eu1573240497078AokHW","update_time":1656362161,"uuid":"08003658d8bfc05221e3"},{"active_time":1599417759,"biz_type":18,"category":"mc","create_time":1559244697,"icon":"smart/device_icon/eu1573240497078AokHW/87532803bcddc29581b116338130886004.png","id":"87532803bcddc29581b1","ip":"109.167.162.211","lat":"59.8318","local_key":"4f875ed38ccb3b0f","lon":"30.2849","model":"","name":"Входная дверь","online":true,"owner_id":"14708182","product_id":"oSQljE9YDqwCwTUA","product_name":"Door Sensor","status":[{"code":"doorcontact_state","value":false},{"code":"battery_state","value":"low"}],"sub":false,"time_zone":"+03:00","uid":"eu1573240497078AokHW","update_time":1639655389,"uuid":"87532803bcddc29581b1"},{"active_time":1600890740,"biz_type":18,"category":"wk","create_time":1600890740,"icon":"smart/device_icon/eu1573240497078AokHW/bf57a1ff8fb15103b3xshz163381248751582.png","id":"bf57a1ff8fb15103b3xshz","ip":"","lat":"59.8318","lon":"30.2849","name":"Гостиная Радиатор","online":false,"owner_id":"14708182","product_id":"ckud7u2l","product_name":"Zigbee Smart","status":[{"code":"temp_set","value":280},{"code":"temp_current","value":250},{"code":"mode","value":"auto"},{"code":"child_lock","value":false}],"sub":true,"time_zone":"+08:00","uid":"eu1573240497078AokHW","update_time":1639501935,"uuid":"bf57a1ff8fb15103b3xshz"}],"success":true,"t":1669054668121,"tid":"cd7dbf2969c811ed8c8f06bdf2add754"} token=ec8cd0194b9bcaf06dc6496d5c018116
2022-11-21 21:17:49,076 - main.views - DEBUG - apply for 14708182.21363259
2022-11-21 21:17:49,076 - tuyacloud.TuyaCloudClient - DEBUG - Request URL: https://openapi.tuyaeu.com/v1.0/homes/14708182/rooms/21363259/devices
2022-11-21 21:17:49,369 - main.views - DEBUG - apply for 14708182.21363261
2022-11-21 21:17:49,369 - tuyacloud.TuyaCloudClient - DEBUG - Request URL: https://openapi.tuyaeu.com/v1.0/homes/14708182/rooms/21363261/devices
2022-11-21 21:17:49,641 - main.views - DEBUG - apply for 14708182.21363263
2022-11-21 21:17:49,641 - tuyacloud.TuyaCloudClient - DEBUG - Request URL: https://openapi.tuyaeu.com/v1.0/homes/14708182/rooms/21363263/devices
2022-11-21 21:17:50,187 - main.views - DEBUG - apply for 14708182.21612193
2022-11-21 21:17:50,188 - tuyacloud.TuyaCloudClient - DEBUG - Request URL: https://openapi.tuyaeu.com/v1.0/homes/14708182/rooms/21612193/devices
2022-11-21 21:17:50,707 - main.views - DEBUG - apply for 55571301.47466860
2022-11-21 21:17:50,707 - tuyacloud.TuyaCloudClient - DEBUG - Request URL: https://openapi.tuyaeu.com/v1.0/homes/55571301/rooms/47466860/devices
2022-11-21 21:17:50,865 - tuyacloud.TuyaCloudClient - DEBUG - GET: response code=200 text={"result":[],"success":true,"t":1669054669913,"tid":"ce99d21069c811ed8c8f06bdf2add754"} token=ec8cd0194b9bcaf06dc6496d5c018116
2022-11-21 21:26:28,324 - tuyacloud.TuyaCloudClient - DEBUG - Request URL: https://openapi.tuyaeu.com/v1.0/token?grant_type=1
2022-11-21 21:26:29,056 - tuyacloud.TuyaCloudClient - DEBUG - GET: response code=200 text={"result":{"access_token":"ec8cd0194b9bcaf06dc6496d5c018116","expire_time":6675,"refresh_token":"04c5410ef62d5ee7d9ba0ffd9bc790d2","uid":"ay1563288557476XuyqE"},"success":true,"t":1669055188028,"tid":"036d828869ca11ed8c9006bdf2add754"} token=None
2022-11-21 21:26:29,058 - main.views - DEBUG - apply for 14400180.21078435
2022-11-21 21:26:29,058 - tuyacloud.TuyaCloudClient - DEBUG - Request URL: https://openapi.tuyaeu.com/v1.0/homes/14400180/rooms/21078435/devices
2022-11-21 21:26:29,329 - main.views - DEBUG - apply for 14400180.21080044
2022-11-21 21:26:29,329 - tuyacloud.TuyaCloudClient - DEBUG - Request URL: https://openapi.tuyaeu.com/v1.0/homes/14400180/rooms/21080044/devices
2022-11-21 21:26:29,663 - main.views - DEBUG - apply for 14400180.35583207
2022-11-21 21:26:29,663 - tuyacloud.TuyaCloudClient - DEBUG - Request URL: https://openapi.tuyaeu.com/v1.0/homes/14400180/rooms/35583207/devices
2022-11-21 21:26:30,083 - main.views - DEBUG - apply for 14400180.21080043
2022-11-21 21:26:30,083 - tuyacloud.TuyaCloudClient - DEBUG - Request URL: https://openapi.tuyaeu.com/v1.0/homes/14400180/rooms/21080043/devices
2022-11-21 21:26:30,493 - main.views - DEBUG - apply for 14400180.21080045
2022-11-21 21:26:30,493 - tuyacloud.TuyaCloudClient - DEBUG - Request URL: https://openapi.tuyaeu.com/v1.0/homes/14400180/rooms/21080045/devices
2022-11-21 21:26:30,806 - main.views - DEBUG - apply for 14400180.21077755
2022-11-21 21:26:30,806 - tuyacloud.TuyaCloudClient - DEBUG - Request URL: https://openapi.tuyaeu.com/v1.0/homes/14400180/rooms/21077755/devices
2022-11-21 21:26:31,313 - main.views - DEBUG - apply for 14400180.21078425
2022-11-21 21:26:31,313 - tuyacloud.TuyaCloudClient - DEBUG - Request URL: https://openapi.tuyaeu.com/v1.0/homes/14400180/rooms/21078425/devices
2022-11-21 21:26:31,612 - main.views - DEBUG - apply for 14400180.21078434
2022-11-21 21:26:31,613 - tuyacloud.TuyaCloudClient - DEBUG - Request URL: https://openapi.tuyaeu.com/v1.0/homes/14400180/rooms/21078434/devices
2022-11-21 21:26:31,952 - main.views - DEBUG - apply for 14400180.38683967
2022-11-21 21:26:31,953 - tuyacloud.TuyaCloudClient - DEBUG - Request URL: https://openapi.tuyaeu.com/v1.0/homes/14400180/rooms/38683967/devices
2022-11-21 21:26:32,227 - main.views - DEBUG - apply for 14708182.21363260
2022-11-21 21:26:32,227 - tuyacloud.TuyaCloudClient - DEBUG - Request URL: https://openapi.tuyaeu.com/v1.0/homes/14708182/rooms/21363260/devices
2022-11-21 21:26:32,474 - tuyacloud.TuyaCloudClient - DEBUG - GET: response code=200 text={"result":[{"active_time":1599406514,"biz_type":18,"category":"dj","create_time":1597337262,"icon":"smart/device_icon/eu1573240497078AokHW/08003658d8bfc05229d0163381264687064.png","id":"08003658d8bfc05229d0","ip":"5.18.248.56","lat":"59.9491","local_key":"7d593182a7f9f607","lon":"30.2643","model":"","name":"Кухня Свет стол","online":true,"owner_id":"14708182","product_id":"wnqaw70uBCsDqgZT","product_name":"WIFI Dimmer Module","status":[{"code":"switch_led","value":false},{"code":"bright_value","value":255}],"sub":false,"time_zone":"+03:00","uid":"eu1573240497078AokHW","update_time":1656362162,"uuid":"08003658d8bfc05229d0"},{"active_time":1599406514,"biz_type":18,"category":"dj","create_time":1597265564,"icon":"smart/device_icon/eu1573240497078AokHW/08003658d8bfc0522934163381267512145.png","id":"08003658d8bfc0522934","ip":"5.18.248.56","lat":"59.9491","local_key":"26ae473dd16821e5","lon":"30.2643","model":"","name":"Кухня Люстра","online":true,"owner_id":"14708182","product_id":"wnqaw70uBCsDqgZT","product_name":"WIFI Dimmer Module","status":[{"code":"switch_led","value":false},{"code":"bright_value","value":255}],"sub":false,"time_zone":"+03:00","uid":"eu1573240497078AokHW","update_time":1656362160,"uuid":"08003658d8bfc0522934"},{"active_time":1605965620,"biz_type":18,"category":"qt","create_time":1595691662,"icon":"smart/device_icon/eu1573240497078AokHW/86872105cc50e3e5df7316434497677860.png","id":"86872105cc50e3e5df73","ip":"79.175.3.138","lat":"59.5756","local_key":"69141b6d19e1dc93","lon":"30.1203","name":"Датчик угарного газа (CO)","online":true,"owner_id":"14708182","product_id":"gIE05A9Q5SIEfOOA","product_name":"CO alertor","status":[],"sub":false,"time_zone":"+03:00","uid":"eu1573240497078AokHW","update_time":1643449766,"uuid":"86872105cc50e3e5df73"}],"success":true,"t":1669055191526,"tid":"0579e51369ca11ed81fd8ec426404b74"} token=ec8cd0194b9bcaf06dc6496d5c018116
2022-11-21 21:26:32,480 - main.views - DEBUG - apply for 14708182.21363262
2022-11-21 21:26:32,480 - tuyacloud.TuyaCloudClient - DEBUG - Request URL: https://openapi.tuyaeu.com/v1.0/homes/14708182/rooms/21363262/devices
2022-11-21 21:26:32,747 - main.views - DEBUG - apply for 14708182.21363258
2022-11-21 21:26:32,747 - tuyacloud.TuyaCloudClient - DEBUG - Request URL: https://openapi.tuyaeu.com/v1.0/homes/14708182/rooms/21363258/devices
2022-11-21 21:26:32,986 - tuyacloud.TuyaCloudClient - DEBUG - GET: response code=200 text={"result":[{"active_time":1606418745,"biz_type":18,"category":"tgq","create_time":1606418745,"icon":"smart/device_icon/eu1573240497078AokHW/32203410c82b9657e99d164344964995920.png","id":"32203410c82b9657e99d","ip":"5.18.248.56","lat":"59.9491","local_key":"18f83042ea73724a","lon":"30.2643","model":"105B ","name":"Зал Короб","online":true,"owner_id":"14708182","product_id":"kqm0mqzb5zazewsb","product_name":"WiFi 2Gang Dimmer Module","status":[{"code":"switch_led_1","value":false},{"code":"bright_value_1","value":198},{"code":"brightness_min_1","value":198},{"code":"led_type_1","value":"LED"},{"code":"switch_led_2","value":false},{"code":"bright_value_2","value":541},{"code":"brightness_min_2","value":203},{"code":"led_type_2","value":"LED"},{"code":"countdown_2","value":0},{"code":"work_mode","value":"white"}],"sub":false,"time_zone":"+03:00","uid":"eu1573240497078AokHW","update_time":1656362170,"uuid":"32203410c82b9657e99d"},{"active_time":1599415535,"biz_type":18,"category":"dj","create_time":1597953545,"icon":"smart/device_icon/eu1573240497078AokHW/08003658d8bfc0521b9f163381262652458.png","id":"08003658d8bfc0521b9f","ip":"5.18.248.56","lat":"59.9491","local_key":"3f38482809c37d5e","lon":"30.2643","model":"","name":"Прихожая Свет","online":true,"owner_id":"14708182","product_id":"wnqaw70uBCsDqgZT","product_name":"WIFI Dimmer Module","status":[{"code":"switch_led","value":false},{"code":"bright_value","value":255}],"sub":false,"time_zone":"+03:00","uid":"eu1573240497078AokHW","update_time":1656362162,"uuid":"08003658d8bfc0521b9f"},{"active_time":1645295933,"biz_type":18,"category":"dj","create_time":1597951600,"icon":"smart/device_icon/eu1573240497078AokHW/08003658d8bfc05221e3163381301347162.png","id":"08003658d8bfc05221e3","ip":"5.18.248.56","lat":"59.9491","local_key":"6a2d1a7fc39e3d78","lon":"30.2643","model":"","name":"Зал Люстра","online":true,"owner_id":"14708182","product_id":"wnqaw70uBCsDqgZT","product_name":"WIFI Dimmer Module","status":[{"code":"switch_led","value":false},{"code":"bright_value","value":255}],"sub":false,"time_zone":"+03:00","uid":"eu1573240497078AokHW","update_time":1656362161,"uuid":"08003658d8bfc05221e3"},{"active_time":1599417759,"biz_type":18,"category":"mc","create_time":1559244697,"icon":"smart/device_icon/eu1573240497078AokHW/87532803bcddc29581b116338130886004.png","id":"87532803bcddc29581b1","ip":"109.167.162.211","lat":"59.8318","local_key":"4f875ed38ccb3b0f","lon":"30.2849","model":"","name":"Входная дверь","online":true,"owner_id":"14708182","product_id":"oSQljE9YDqwCwTUA","product_name":"Door Sensor","status":[{"code":"doorcontact_state","value":false},{"code":"battery_state","value":"low"}],"sub":false,"time_zone":"+03:00","uid":"eu1573240497078AokHW","update_time":1639655389,"uuid":"87532803bcddc29581b1"},{"active_time":1600890740,"biz_type":18,"category":"wk","create_time":1600890740,"icon":"smart/device_icon/eu1573240497078AokHW/bf57a1ff8fb15103b3xshz163381248751582.png","id":"bf57a1ff8fb15103b3xshz","ip":"","lat":"59.8318","lon":"30.2849","name":"Гостиная Радиатор","online":false,"owner_id":"14708182","product_id":"ckud7u2l","product_name":"Zigbee Smart","status":[{"code":"temp_set","value":280},{"code":"temp_current","value":250},{"code":"mode","value":"auto"},{"code":"child_lock","value":false}],"sub":true,"time_zone":"+08:00","uid":"eu1573240497078AokHW","update_time":1639501935,"uuid":"bf57a1ff8fb15103b3xshz"}],"success":true,"t":1669055192036,"tid":"05c857e269ca11ed8c9006bdf2add754"} token=ec8cd0194b9bcaf06dc6496d5c018116
2022-11-21 21:26:32,994 - main.views - DEBUG - apply for 14708182.21363259
2022-11-21 21:26:32,995 - tuyacloud.TuyaCloudClient - DEBUG - Request URL: https://openapi.tuyaeu.com/v1.0/homes/14708182/rooms/21363259/devices
2022-11-21 21:26:33,364 - main.views - DEBUG - apply for 14708182.21363261
2022-11-21 21:26:33,364 - tuyacloud.TuyaCloudClient - DEBUG - Request URL: https://openapi.tuyaeu.com/v1.0/homes/14708182/rooms/21363261/devices
2022-11-21 21:26:33,642 - main.views - DEBUG - apply for 14708182.21363263
2022-11-21 21:26:33,642 - tuyacloud.TuyaCloudClient - DEBUG - Request URL: https://openapi.tuyaeu.com/v1.0/homes/14708182/rooms/21363263/devices
2022-11-21 21:26:33,932 - main.views - DEBUG - apply for 14708182.21612193
2022-11-21 21:26:33,932 - tuyacloud.TuyaCloudClient - DEBUG - Request URL: https://openapi.tuyaeu.com/v1.0/homes/14708182/rooms/21612193/devices
2022-11-21 21:26:34,255 - main.views - DEBUG - apply for 55571301.47466860
2022-11-21 21:26:34,255 - tuyacloud.TuyaCloudClient - DEBUG - Request URL: https://openapi.tuyaeu.com/v1.0/homes/55571301/rooms/47466860/devices
2022-11-21 21:26:34,790 - tuyacloud.TuyaCloudClient - DEBUG - GET: response code=200 text={"result":[],"success":true,"t":1669055193774,"tid":"06d8616c69ca11ed8c9006bdf2add754"} token=ec8cd0194b9bcaf06dc6496d5c018116
